{"/home/ubuntu/workspace/index.js":{"path":"/home/ubuntu/workspace/index.js","s":{"1":1,"2":1,"3":7,"4":7,"5":7,"6":3,"7":3,"8":3,"9":4,"10":4,"11":4,"12":4,"13":4,"14":0,"15":4,"16":4,"17":4,"18":4,"19":4,"20":3,"21":3,"22":3,"23":1,"24":0,"25":0,"26":1},"b":{"1":[3,4],"2":[0,4],"3":[4,0],"4":[0,0],"5":[4,0],"6":[4,0],"7":[3,1],"8":[3,0],"9":[0,3],"10":[0,0],"11":[0,0]},"f":{"1":1,"2":7},"fnMap":{"1":{"name":"(anonymous_1)","line":1,"loc":{"start":{"line":1,"column":14},"end":{"line":1,"column":24}}},"2":{"name":"(anonymous_2)","line":3,"loc":{"start":{"line":3,"column":27},"end":{"line":3,"column":46}}}},"statementMap":{"1":{"start":{"line":1,"column":0},"end":{"line":1,"column":27}},"2":{"start":{"line":3,"column":0},"end":{"line":51,"column":2}},"3":{"start":{"line":5,"column":4},"end":{"line":5,"column":27}},"4":{"start":{"line":8,"column":4},"end":{"line":15,"column":5}},"5":{"start":{"line":10,"column":8},"end":{"line":10,"column":150}},"6":{"start":{"line":10,"column":58},"end":{"line":10,"column":150}},"7":{"start":{"line":13,"column":8},"end":{"line":13,"column":27}},"8":{"start":{"line":14,"column":8},"end":{"line":14,"column":26}},"9":{"start":{"line":18,"column":4},"end":{"line":18,"column":36}},"10":{"start":{"line":19,"column":4},"end":{"line":19,"column":44}},"11":{"start":{"line":20,"column":4},"end":{"line":20,"column":33}},"12":{"start":{"line":21,"column":4},"end":{"line":21,"column":33}},"13":{"start":{"line":23,"column":4},"end":{"line":25,"column":5}},"14":{"start":{"line":24,"column":5},"end":{"line":24,"column":105},"skip":true},"15":{"start":{"line":28,"column":4},"end":{"line":48,"column":5}},"16":{"start":{"line":29,"column":8},"end":{"line":29,"column":30},"skip":true},"17":{"start":{"line":32,"column":8},"end":{"line":45,"column":9},"skip":true},"18":{"start":{"line":33,"column":12},"end":{"line":33,"column":34},"skip":true},"19":{"start":{"line":35,"column":12},"end":{"line":42,"column":13},"skip":true},"20":{"start":{"line":36,"column":16},"end":{"line":36,"column":39},"skip":true},"21":{"start":{"line":39,"column":16},"end":{"line":41,"column":17},"skip":true},"22":{"start":{"line":40,"column":20},"end":{"line":40,"column":108},"skip":true},"23":{"start":{"line":44,"column":9},"end":{"line":44,"column":51},"skip":true},"24":{"start":{"line":47,"column":8},"end":{"line":47,"column":93},"skip":true},"25":{"start":{"line":50,"column":4},"end":{"line":50,"column":94}},"26":{"start":{"line":53,"column":0},"end":{"line":53,"column":31}}},"branchMap":{"1":{"line":10,"type":"if","locations":[{"start":{"line":10,"column":8},"end":{"line":10,"column":8}},{"start":{"line":10,"column":8},"end":{"line":10,"column":8}}]},"2":{"line":23,"type":"if","locations":[{"start":{"line":23,"column":4},"end":{"line":23,"column":4},"skip":true},{"start":{"line":23,"column":4},"end":{"line":23,"column":4}}]},"3":{"line":23,"type":"binary-expr","locations":[{"start":{"line":23,"column":7},"end":{"line":23,"column":19}},{"start":{"line":23,"column":23},"end":{"line":23,"column":34}}]},"4":{"line":24,"type":"cond-expr","locations":[{"start":{"line":24,"column":29},"end":{"line":24,"column":64},"skip":true},{"start":{"line":24,"column":67},"end":{"line":24,"column":103},"skip":true}]},"5":{"line":28,"type":"if","locations":[{"start":{"line":28,"column":4},"end":{"line":28,"column":4},"skip":true},{"start":{"line":28,"column":4},"end":{"line":28,"column":4}}]},"6":{"line":32,"type":"if","locations":[{"start":{"line":32,"column":8},"end":{"line":32,"column":8},"skip":true},{"start":{"line":32,"column":8},"end":{"line":32,"column":8},"skip":true}]},"7":{"line":35,"type":"if","locations":[{"start":{"line":35,"column":12},"end":{"line":35,"column":12},"skip":true},{"start":{"line":35,"column":12},"end":{"line":35,"column":12},"skip":true}]},"8":{"line":39,"type":"if","locations":[{"start":{"line":39,"column":16},"end":{"line":39,"column":16},"skip":true},{"start":{"line":39,"column":16},"end":{"line":39,"column":16},"skip":true}]},"9":{"line":40,"type":"cond-expr","locations":[{"start":{"line":40,"column":42},"end":{"line":40,"column":72},"skip":true},{"start":{"line":40,"column":75},"end":{"line":40,"column":106},"skip":true}]},"10":{"line":47,"type":"cond-expr","locations":[{"start":{"line":47,"column":29},"end":{"line":47,"column":58},"skip":true},{"start":{"line":47,"column":61},"end":{"line":47,"column":91},"skip":true}]},"11":{"line":50,"type":"cond-expr","locations":[{"start":{"line":50,"column":26},"end":{"line":50,"column":57}},{"start":{"line":50,"column":60},"end":{"line":50,"column":92}}]}}}}