TN:
SF:/home/ubuntu/workspace/index.js
FN:1,(anonymous_1)
FN:3,(anonymous_2)
FNF:2
FNH:2
FNDA:1,(anonymous_1)
FNDA:7,(anonymous_2)
DA:1,1
DA:3,1
DA:5,7
DA:8,7
DA:10,7
DA:13,3
DA:14,3
DA:18,4
DA:19,4
DA:20,4
DA:21,4
DA:23,4
DA:24,1
DA:27,4
DA:28,1
DA:32,4
DA:33,4
DA:36,4
DA:37,4
DA:39,4
DA:40,3
DA:43,3
DA:44,3
DA:48,1
DA:51,1
DA:54,0
DA:57,1
LF:27
LH:26
BRDA:10,1,0,3
BRDA:10,1,1,4
BRDA:23,2,0,0
BRDA:23,2,1,4
BRDA:23,3,0,4
BRDA:23,3,1,0
BRDA:24,4,0,0
BRDA:24,4,1,0
BRDA:27,5,0,0
BRDA:27,5,1,4
BRDA:27,6,0,4
BRDA:27,6,1,0
BRDA:28,7,0,0
BRDA:28,7,1,0
BRDA:32,8,0,4
BRDA:32,8,1,0
BRDA:36,9,0,4
BRDA:36,9,1,0
BRDA:39,10,0,3
BRDA:39,10,1,1
BRDA:43,11,0,3
BRDA:43,11,1,0
BRDA:44,12,0,0
BRDA:44,12,1,3
BRDA:51,13,0,0
BRDA:51,13,1,0
BRDA:54,14,0,0
BRDA:54,14,1,0
BRF:28
BRH:23
end_of_record
