TN:
SF:/home/ubuntu/workspace/index.js
FN:1,(anonymous_1)
FN:3,(anonymous_2)
FNF:2
FNH:2
FNDA:1,(anonymous_1)
FNDA:7,(anonymous_2)
DA:1,1
DA:3,1
DA:5,7
DA:8,7
DA:10,7
DA:13,3
DA:14,3
DA:18,4
DA:19,4
DA:20,4
DA:21,4
DA:23,4
DA:24,0
DA:27,4
DA:28,4
DA:29,4
DA:30,4
DA:31,4
DA:32,3
DA:33,3
DA:34,3
DA:37,1
DA:39,0
DA:42,0
DA:45,1
LF:25
LH:22
BRDA:10,1,0,3
BRDA:10,1,1,4
BRDA:23,2,0,0
BRDA:23,2,1,4
BRDA:23,3,0,4
BRDA:23,3,1,0
BRDA:24,4,0,0
BRDA:24,4,1,0
BRDA:27,5,0,4
BRDA:27,5,1,0
BRDA:29,6,0,4
BRDA:29,6,1,0
BRDA:31,7,0,3
BRDA:31,7,1,1
BRDA:33,8,0,3
BRDA:33,8,1,0
BRDA:34,9,0,0
BRDA:34,9,1,3
BRDA:39,10,0,0
BRDA:39,10,1,0
BRDA:42,11,0,0
BRDA:42,11,1,0
BRF:22
BRH:10
end_of_record
